<?xml version="1.0" encoding="UTF-8"?>
<!-- Generated by org.testng.reporters.JUnitReportReporter -->
<testsuite hostname="DESKTOP-BS17UO9" failures="0" tests="6" name="com.mAadhar.testing.RequestServiceTest" time="0.000" errors="0" timestamp="2023-08-03T11:24:32 IST" skipped="6">
  <testcase classname="com.mAadhar.testing.RequestServiceTest" name="getAllRequestsTest" time="0.000">
    <skipped/>
  </testcase> <!-- getAllRequestsTest -->
  <system-out/>
  <testcase classname="com.mAadhar.testing.RequestServiceTest" name="viewmyAdharTest" time="0.000">
    <skipped/>
  </testcase> <!-- viewmyAdharTest -->
  <system-out/>
  <testcase classname="com.mAadhar.testing.RequestServiceTest" name="storeRequestTest" time="0.000">
    <skipped/>
  </testcase> <!-- storeRequestTest -->
  <system-out/>
  <testcase classname="com.mAadhar.testing.RequestServiceTest" name="updateAdharTest" time="0.000">
    <skipped/>
  </testcase> <!-- updateAdharTest -->
  <system-out/>
  <testcase classname="com.mAadhar.testing.RequestServiceTest" name="denyRequestTest" time="0.000">
    <skipped/>
  </testcase> <!-- denyRequestTest -->
  <system-out/>
  <testcase classname="com.mAadhar.testing.RequestServiceTest" name="approveRequestTest" time="0.000">
    <skipped/>
  </testcase> <!-- approveRequestTest -->
  <system-out/>
</testsuite> <!-- com.mAadhar.testing.RequestServiceTest -->
